#
# There is insufficient memory for the Java Runtime Environment to continue.
# Native memory allocation (malloc) failed to allocate 1418048 bytes for Chunk::new
# Possible reasons:
#   The system is out of physical RAM or swap space
#   In 32 bit mode, the process size limit was hit
# Possible solutions:
#   Reduce memory load on the system
#   Increase physical memory or swap space
#   Check if swap backing store is full
#   Use 64 bit Java on a 64 bit OS
#   Decrease Java heap size (-Xmx/-Xms)
#   Decrease number of Java threads
#   Decrease Java thread stack sizes (-Xss)
#   Set larger code cache with -XX:ReservedCodeCacheSize=
# This output file may be truncated or incomplete.
#
#  Out of Memory Error (allocation.cpp:390), pid=13584, tid=9924
#
# JRE version: Java(TM) SE Runtime Environment (8.0_65-b17) (build 1.8.0_65-b17)
# Java VM: Java HotSpot(TM) 64-Bit Server VM (25.65-b01 mixed mode windows-amd64 compressed oops)
# Failed to write core dump. Minidumps are not enabled by default on client versions of Windows
#

---------------  T H R E A D  ---------------

Current thread (0x0000000015632000):  JavaThread "C2 CompilerThread1" daemon [_thread_in_native, id=9924, stack(0x0000000016d90000,0x0000000016e90000)]

Stack: [0x0000000016d90000,0x0000000016e90000]
[error occurred during error reporting (printing stack bounds), id 0xc0000005]

Native frames: (J=compiled Java code, j=interpreted, Vv=VM code, C=native code)


Current CompileTask:
C2:   4412 2008   !   4       com.android.dx.cf.cst.ConstantPoolParser::parse0 (731 bytes)


---------------  P R O C E S S  ---------------

Java Threads: ( => current thread )
  0x00000000171b9000 JavaThread "pool-1-thread-1" [_thread_in_Java, id=11136, stack(0x000000001a230000,0x000000001a330000)]
  0x0000000016fad000 JavaThread "Service Thread" daemon [_thread_blocked, id=3484, stack(0x0000000017390000,0x0000000017490000)]
  0x0000000015682800 JavaThread "C1 CompilerThread2" daemon [_thread_blocked, id=5084, stack(0x0000000016e90000,0x0000000016f90000)]
=>0x0000000015632000 JavaThread "C2 CompilerThread1" daemon [_thread_in_native, id=9924, stack(0x0000000016d90000,0x0000000016e90000)]
  0x000000001562b800 JavaThread "C2 CompilerThread0" daemon [_thread_in_native, id=14060, stack(0x0000000016c90000,0x0000000016d90000)]
  0x000000001562a000 JavaThread "Attach Listener" daemon [_thread_blocked, id=11292, stack(0x0000000016b90000,0x0000000016c90000)]
  0x0000000015629000 JavaThread "Signal Dispatcher" daemon [_thread_blocked, id=3892, stack(0x0000000016a90000,0x0000000016b90000)]
  0x0000000002f52000 JavaThread "Finalizer" daemon [_thread_blocked, id=216, stack(0x00000000168a0000,0x00000000169a0000)]
  0x00000000155f9000 JavaThread "Reference Handler" daemon [_thread_blocked, id=12192, stack(0x00000000167a0000,0x00000000168a0000)]
  0x0000000002e62800 JavaThread "main" [_thread_blocked, id=13516, stack(0x0000000002ca0000,0x0000000002da0000)]

Other Threads:
  0x00000000155f7000 VMThread [stack: 0x00000000166a0000,0x00000000167a0000] [id=10808]
  0x0000000016fb4000 WatcherThread [stack: 0x0000000017490000,0x0000000017590000] [id=10868]

VM state:not at safepoint (normal execution)

VM Mutex/Monitor currently owned by a thread: None

Heap:
 PSYoungGen      total 138240K, used 39839K [0x00000000eab00000, 0x00000000fe100000, 0x0000000100000000)
  eden space 133120K, 26% used [0x00000000eab00000,0x00000000eccecdd0,0x00000000f2d00000)
  from space 5120K, 99% used [0x00000000f2d00000,0x00000000f31fb008,0x00000000f3200000)
  to   space 25600K, 0% used [0x00000000fc800000,0x00000000fc800000,0x00000000fe100000)
 ParOldGen       total 87552K, used 42773K [0x00000000c0000000, 0x00000000c5580000, 0x00000000eab00000)
  object space 87552K, 48% used [0x00000000c0000000,0x00000000c29c54c8,0x00000000c5580000)
 Metaspace       used 6577K, capacity 7256K, committed 7424K, reserved 1056768K
  class space    used 629K, capacity 656K, committed 768K, reserved 1048576K

Card table byte_map: [0x0000000012320000,0x0000000012530000] byte_map_base: 0x0000000011d20000

Marking Bits: (ParMarkBitMap*) 0x000000005e81a5b0
 Begin Bits: [0x0000000012a90000, 0x0000000013a90000)
 End Bits:   [0x0000000013a90000, 0x0000000014a90000)

Polling page: 0x0000000000df0000

CodeCache: size=245760Kb used=8733Kb max_used=8733Kb free=237026Kb
 bounds [0x0000000002f60000, 0x00000000037f0000, 0x0000000011f60000]
 total_blobs=2261 nmethods=1991 adapters=182
 compilation: enabled

Compilation events (10 events):
Event: 4.365 Thread 0x0000000015682800 2114       2       com.android.dx.dex.file.StringIdItem::<init> (29 bytes)
Event: 4.365 Thread 0x0000000015682800 nmethod 2114 0x00000000037ea8d0 code [0x00000000037eaa40, 0x00000000037eac68]
Event: 4.366 Thread 0x0000000015682800 2115  s    2       com.android.dx.dex.file.ProtoIdsSection::intern (55 bytes)
Event: 4.366 Thread 0x0000000015682800 nmethod 2115 0x00000000037ead50 code [0x00000000037eaf00, 0x00000000037eb468]
Event: 4.366 Thread 0x0000000015682800 2116       2       java.lang.StringBuilder::<init> (6 bytes)
Event: 4.366 Thread 0x0000000015682800 nmethod 2116 0x00000000037eb7d0 code [0x00000000037eb920, 0x00000000037ebb10]
Event: 4.367 Thread 0x0000000015682800 2117       2       com.android.dx.dex.file.ProtoIdItem::makeShortForm (74 bytes)
Event: 4.368 Thread 0x0000000015682800 nmethod 2117 0x00000000037ebbd0 code [0x00000000037ebdc0, 0x00000000037ec4c8]
Event: 4.368 Thread 0x0000000015682800 2118       2       com.android.dx.dex.file.ProtoIdItem::<init> (60 bytes)
Event: 4.368 Thread 0x0000000015682800 nmethod 2118 0x00000000037eced0 code [0x00000000037ed060, 0x00000000037ed3e8]

GC Heap History (10 events):
Event: 1.884 GC heap before
{Heap before GC invocations=1 (full 0):
 PSYoungGen      total 38400K, used 33280K [0x00000000eab00000, 0x00000000ed580000, 0x0000000100000000)
  eden space 33280K, 100% used [0x00000000eab00000,0x00000000ecb80000,0x00000000ecb80000)
  from space 5120K, 0% used [0x00000000ed080000,0x00000000ed080000,0x00000000ed580000)
  to   space 5120K, 0% used [0x00000000ecb80000,0x00000000ecb80000,0x00000000ed080000)
 ParOldGen       total 87552K, used 0K [0x00000000c0000000, 0x00000000c5580000, 0x00000000eab00000)
  object space 87552K, 0% used [0x00000000c0000000,0x00000000c0000000,0x00000000c5580000)
 Metaspace       used 5957K, capacity 6896K, committed 7040K, reserved 1056768K
  class space    used 601K, capacity 616K, committed 640K, reserved 1048576K
Event: 1.915 GC heap after
Heap after GC invocations=1 (full 0):
 PSYoungGen      total 38400K, used 5100K [0x00000000eab00000, 0x00000000ef600000, 0x0000000100000000)
  eden space 33280K, 0% used [0x00000000eab00000,0x00000000eab00000,0x00000000ecb80000)
  from space 5120K, 99% used [0x00000000ecb80000,0x00000000ed07b2f0,0x00000000ed080000)
  to   space 5120K, 0% used [0x00000000ef100000,0x00000000ef100000,0x00000000ef600000)
 ParOldGen       total 87552K, used 955K [0x00000000c0000000, 0x00000000c5580000, 0x00000000eab00000)
  object space 87552K, 1% used [0x00000000c0000000,0x00000000c00eeef8,0x00000000c5580000)
 Metaspace       used 5957K, capacity 6896K, committed 7040K, reserved 1056768K
  class space    used 601K, capacity 616K, committed 640K, reserved 1048576K
}
Event: 2.310 GC heap before
{Heap before GC invocations=2 (full 0):
 PSYoungGen      total 38400K, used 38380K [0x00000000eab00000, 0x00000000ef600000, 0x0000000100000000)
  eden space 33280K, 100% used [0x00000000eab00000,0x00000000ecb80000,0x00000000ecb80000)
  from space 5120K, 99% used [0x00000000ecb80000,0x00000000ed07b2f0,0x00000000ed080000)
  to   space 5120K, 0% used [0x00000000ef100000,0x00000000ef100000,0x00000000ef600000)
 ParOldGen       total 87552K, used 955K [0x00000000c0000000, 0x00000000c5580000, 0x00000000eab00000)
  object space 87552K, 1% used [0x00000000c0000000,0x00000000c00eeef8,0x00000000c5580000)
 Metaspace       used 6212K, capacity 7088K, committed 7296K, reserved 1056768K
  class space    used 602K, capacity 616K, committed 640K, reserved 1048576K
Event: 2.361 GC heap after
Heap after GC invocations=2 (full 0):
 PSYoungGen      total 71680K, used 5114K [0x00000000eab00000, 0x00000000ef600000, 0x0000000100000000)
  eden space 66560K, 0% used [0x00000000eab00000,0x00000000eab00000,0x00000000eec00000)
  from space 5120K, 99% used [0x00000000ef100000,0x00000000ef5fe808,0x00000000ef600000)
  to   space 5120K, 0% used [0x00000000eec00000,0x00000000eec00000,0x00000000ef100000)
 ParOldGen       total 87552K, used 4999K [0x00000000c0000000, 0x00000000c5580000, 0x00000000eab00000)
  object space 87552K, 5% used [0x00000000c0000000,0x00000000c04e1e80,0x00000000c5580000)
 Metaspace       used 6212K, capacity 7088K, committed 7296K, reserved 1056768K
  class space    used 602K, capacity 616K, committed 640K, reserved 1048576K
}
Event: 2.817 GC heap before
{Heap before GC invocations=3 (full 0):
 PSYoungGen      total 71680K, used 71674K [0x00000000eab00000, 0x00000000ef600000, 0x0000000100000000)
  eden space 66560K, 100% used [0x00000000eab00000,0x00000000eec00000,0x00000000eec00000)
  from space 5120K, 99% used [0x00000000ef100000,0x00000000ef5fe808,0x00000000ef600000)
  to   space 5120K, 0% used [0x00000000eec00000,0x00000000eec00000,0x00000000ef100000)
 ParOldGen       total 87552K, used 4999K [0x00000000c0000000, 0x00000000c5580000, 0x00000000eab00000)
  object space 87552K, 5% used [0x00000000c0000000,0x00000000c04e1e80,0x00000000c5580000)
 Metaspace       used 6269K, capacity 7152K, committed 7296K, reserved 1056768K
  class space    used 602K, capacity 616K, committed 640K, reserved 1048576K
Event: 2.856 GC heap after
Heap after GC invocations=3 (full 0):
 PSYoungGen      total 71680K, used 5110K [0x00000000eab00000, 0x00000000f3700000, 0x0000000100000000)
  eden space 66560K, 0% used [0x00000000eab00000,0x00000000eab00000,0x00000000eec00000)
  from space 5120K, 99% used [0x00000000eec00000,0x00000000ef0fd878,0x00000000ef100000)
  to   space 5120K, 0% used [0x00000000f3200000,0x00000000f3200000,0x00000000f3700000)
 ParOldGen       total 87552K, used 14839K [0x00000000c0000000, 0x00000000c5580000, 0x00000000eab00000)
  object space 87552K, 16% used [0x00000000c0000000,0x00000000c0e7dc08,0x00000000c5580000)
 Metaspace       used 6269K, capacity 7152K, committed 7296K, reserved 1056768K
  class space    used 602K, capacity 616K, committed 640K, reserved 1048576K
}
Event: 3.472 GC heap before
{Heap before GC invocations=4 (full 0):
 PSYoungGen      total 71680K, used 71670K [0x00000000eab00000, 0x00000000f3700000, 0x0000000100000000)
  eden space 66560K, 100% used [0x00000000eab00000,0x00000000eec00000,0x00000000eec00000)
  from space 5120K, 99% used [0x00000000eec00000,0x00000000ef0fd878,0x00000000ef100000)
  to   space 5120K, 0% used [0x00000000f3200000,0x00000000f3200000,0x00000000f3700000)
 ParOldGen       total 87552K, used 14839K [0x00000000c0000000, 0x00000000c5580000, 0x00000000eab00000)
  object space 87552K, 16% used [0x00000000c0000000,0x00000000c0e7dc08,0x00000000c5580000)
 Metaspace       used 6399K, capacity 7192K, committed 7424K, reserved 1056768K
  class space    used 623K, capacity 656K, committed 768K, reserved 1048576K
Event: 3.497 GC heap after
Heap after GC invocations=4 (full 0):
 PSYoungGen      total 138240K, used 5098K [0x00000000eab00000, 0x00000000f3700000, 0x0000000100000000)
  eden space 133120K, 0% used [0x00000000eab00000,0x00000000eab00000,0x00000000f2d00000)
  from space 5120K, 99% used [0x00000000f3200000,0x00000000f36fa828,0x00000000f3700000)
  to   space 5120K, 0% used [0x00000000f2d00000,0x00000000f2d00000,0x00000000f3200000)
 ParOldGen       total 87552K, used 23946K [0x00000000c0000000, 0x00000000c5580000, 0x00000000eab00000)
  object space 87552K, 27% used [0x00000000c0000000,0x00000000c1762bd0,0x00000000c5580000)
 Metaspace       used 6399K, capacity 7192K, committed 7424K, reserved 1056768K
  class space    used 623K, capacity 656K, committed 768K, reserved 1048576K
}
Event: 3.982 GC heap before
{Heap before GC invocations=5 (full 0):
 PSYoungGen      total 138240K, used 138218K [0x00000000eab00000, 0x00000000f3700000, 0x0000000100000000)
  eden space 133120K, 100% used [0x00000000eab00000,0x00000000f2d00000,0x00000000f2d00000)
  from space 5120K, 99% used [0x00000000f3200000,0x00000000f36fa828,0x00000000f3700000)
  to   space 5120K, 0% used [0x00000000f2d00000,0x00000000f2d00000,0x00000000f3200000)
 ParOldGen       total 87552K, used 23946K [0x00000000c0000000, 0x00000000c5580000, 0x00000000eab00000)
  object space 87552K, 27% used [0x00000000c0000000,0x00000000c1762bd0,0x00000000c5580000)
 Metaspace       used 6474K, capacity 7256K, committed 7424K, reserved 1056768K
  class space    used 623K, capacity 656K, committed 768K, reserved 1048576K
Event: 4.029 GC heap after
Heap after GC invocations=5 (full 0):
 PSYoungGen      total 138240K, used 5100K [0x00000000eab00000, 0x00000000fe100000, 0x0000000100000000)
  eden space 133120K, 0% used [0x00000000eab00000,0x00000000eab00000,0x00000000f2d00000)
  from space 5120K, 99% used [0x00000000f2d00000,0x00000000f31fb008,0x00000000f3200000)
  to   space 25600K, 0% used [0x00000000fc800000,0x00000000fc800000,0x00000000fe100000)
 ParOldGen       total 87552K, used 42773K [0x00000000c0000000, 0x00000000c5580000, 0x00000000eab00000)
  object space 87552K, 48% used [0x00000000c0000000,0x00000000c29c54c8,0x00000000c5580000)
 Metaspace       used 6474K, capacity 7256K, committed 7424K, reserved 1056768K
  class space    used 623K, capacity 656K, committed 768K, reserved 1048576K
}

Deoptimization events (10 events):
Event: 3.745 Thread 0x00000000175c2800 Uncommon trap: reason=unstable_if action=reinterpret pc=0x00000000033dff68 method=com.android.dx.dex.code.OutputFinisher.hasLocalInfo(Lcom/android/dx/dex/code/DalvInsn;)Z @ 24
Event: 3.844 Thread 0x00000000175c3000 Uncommon trap: reason=unstable_if action=reinterpret pc=0x000000000366d584 method=com.android.dx.rop.cst.CstNat.equals(Ljava/lang/Object;)Z @ 25
Event: 3.936 Thread 0x00000000175c2800 Uncommon trap: reason=class_check action=maybe_recompile pc=0x00000000036c9bcc method=com.android.dx.cf.code.OneLocalsArray.set(ILcom/android/dx/rop/type/TypeBearer;)V @ 85
Event: 4.045 Thread 0x00000000171ed800 Uncommon trap: reason=bimorphic action=maybe_recompile pc=0x00000000037a4af0 method=com.android.dx.cf.code.BytecodeArray.parseInstruction(ILcom/android/dx/cf/code/BytecodeArray$Visitor;)I @ 1287
Event: 4.046 Thread 0x00000000171ed800 Uncommon trap: reason=bimorphic action=maybe_recompile pc=0x00000000037a4af0 method=com.android.dx.cf.code.BytecodeArray.parseInstruction(ILcom/android/dx/cf/code/BytecodeArray$Visitor;)I @ 1287
Event: 4.212 Thread 0x00000000171b9000 Uncommon trap: reason=class_check action=maybe_recompile pc=0x0000000003309008 method=java.util.Arrays.hashCode([Ljava/lang/Object;)I @ 43
Event: 4.212 Thread 0x00000000171b9000 Uncommon trap: reason=class_check action=maybe_recompile pc=0x0000000003309008 method=java.util.Arrays.hashCode([Ljava/lang/Object;)I @ 43
Event: 4.212 Thread 0x00000000171b9000 Uncommon trap: reason=class_check action=maybe_recompile pc=0x0000000003309008 method=java.util.Arrays.hashCode([Ljava/lang/Object;)I @ 43
Event: 4.212 Thread 0x00000000171b9000 Uncommon trap: reason=class_check action=maybe_recompile pc=0x0000000003309008 method=java.util.Arrays.hashCode([Ljava/lang/Object;)I @ 43
Event: 4.213 Thread 0x00000000171b9000 Uncommon trap: reason=class_check action=maybe_recompile pc=0x0000000003308a34 method=java.util.Arrays.hashCode([Ljava/lang/Object;)I @ 43

Internal exceptions (6 events):
Event: 0.054 Thread 0x0000000002e62800 Exception <a 'java/lang/NoSuchMethodError': Method sun.misc.Unsafe.defineClass(Ljava/lang/String;[BII)Ljava/lang/Class; name or signature does not match> (0x00000000eab0e2e0) thrown at [C:\workspace\8-2-build-windows-amd64-cygwin\jdk8u65\4987\hotspot\src\sö„áqt´?
Event: 0.054 Thread 0x0000000002e62800 Exception <a 'java/lang/NoSuchMethodError': Method sun.misc.Unsafe.prefetchRead(Ljava/lang/Object;J)V name or signature does not match> (0x00000000eab0e5c8) thrown at [C:\workspace\8-2-build-windows-amd64-cygwin\jdk8u65\4987\hotspot\src\share\vm\prims\jni.Zêl¢r@
Event: 2.181 Thread 0x00000000175c2800 Implicit null exception at 0x00000000032be582 to 0x00000000032c06f9
Event: 3.231 Thread 0x0000000002e62800 Exception <a 'java/lang/ArrayIndexOutOfBoundsException': 18> (0x00000000edee02d0) thrown at [C:\workspace\8-2-build-windows-amd64-cygwin\jdk8u65\4987\hotspot\src\share\vm\interpreter\interpreterRuntime.cpp, line 366]
Event: 3.231 Thread 0x0000000002e62800 Exception <a 'java/lang/ArrayIndexOutOfBoundsException'> (0x00000000edee1e50) thrown at [C:\workspace\8-2-build-windows-amd64-cygwin\jdk8u65\4987\hotspot\src\share\vm\runtime\sharedRuntime.cpp, line 605]
Event: 3.232 Thread 0x0000000002e62800 Exception <a 'java/lang/ArrayIndexOutOfBoundsException'> (0x00000000edee3138) thrown at [C:\workspace\8-2-build-windows-amd64-cygwin\jdk8u65\4987\hotspot\src\share\vm\runtime\sharedRuntime.cpp, line 605]

Events (10 events):
Event: 4.214 loading class com/android/dx/rop/cst/Zeroes
Event: 4.214 loading class com/android/dx/rop/cst/Zeroes done
Event: 4.226 loading class com/android/dx/dex/file/CatchStructs
Event: 4.226 loading class com/android/dx/dex/file/CatchStructs done
Event: 4.234 Thread 0x00000000171b9000 DEOPT PACKING pc=0x00000000037d4fd4 sp=0x000000001a32e9b0
Event: 4.234 Thread 0x00000000171b9000 DEOPT UNPACKING pc=0x0000000002fa787f sp=0x000000001a32e740 mode 0
Event: 4.257 Thread 0x00000000171b9000 DEOPT PACKING pc=0x00000000037d5a04 sp=0x000000001a32e9e0
Event: 4.257 Thread 0x00000000171b9000 DEOPT UNPACKING pc=0x0000000002fa787f sp=0x000000001a32e730 mode 0
Event: 4.344 loading class com/android/dx/dex/file/ProtoIdItem
Event: 4.344 loading class com/android/dx/dex/file/ProtoIdItem done


Dynamic libraries:
0x00007ff783930000 - 0x00007ff783967000 	C:\Program Files\Java\jdk1.8.0_65\bin\java.exe
0x00007ff9a27d0000 - 0x00007ff9a29a1000 	C:\WINDOWS\SYSTEM32\ntdll.dll
0x00007ff9a01e0000 - 0x00007ff9a028b000 	C:\WINDOWS\System32\KERNEL32.DLL
0x00007ff99ed20000 - 0x00007ff99ef3d000 	C:\WINDOWS\System32\KERNELBASE.dll
0x00007ff9a0130000 - 0x00007ff9a01d2000 	C:\WINDOWS\System32\ADVAPI32.dll
0x00007ff9a2560000 - 0x00007ff9a25fe000 	C:\WINDOWS\System32\msvcrt.dll
0x00007ff9a00d0000 - 0x00007ff9a0129000 	C:\WINDOWS\System32\sechost.dll
0x00007ff9a2420000 - 0x00007ff9a2541000 	C:\WINDOWS\System32\RPCRT4.dll
0x00007ff99fec0000 - 0x00007ff9a0025000 	C:\WINDOWS\System32\USER32.dll
0x00007ff99f190000 - 0x00007ff99f1ae000 	C:\WINDOWS\System32\win32u.dll
0x00007ff9a0090000 - 0x00007ff9a00c4000 	C:\WINDOWS\System32\GDI32.dll
0x00007ff99f990000 - 0x00007ff99fb12000 	C:\WINDOWS\System32\gdi32full.dll
0x00007ff998f40000 - 0x00007ff9991ba000 	C:\WINDOWS\WinSxS\amd64_microsoft.windows.common-controls_6595b64144ccf1df_6.0.14393.351_none_4213128bc687e6d3\COMCTL32.dll
0x00007ff9a0290000 - 0x00007ff9a0557000 	C:\WINDOWS\System32\combase.dll
0x00007ff99ef40000 - 0x00007ff99f035000 	C:\WINDOWS\System32\ucrtbase.dll
0x00007ff99fcf0000 - 0x00007ff99fd5a000 	C:\WINDOWS\System32\bcryptPrimitives.dll
0x00007ff9a27a0000 - 0x00007ff9a27ce000 	C:\WINDOWS\System32\IMM32.DLL
0x000000005db50000 - 0x000000005dc22000 	C:\Program Files\Java\jdk1.8.0_65\jre\bin\msvcr100.dll
0x000000005e010000 - 0x000000005e899000 	C:\Program Files\Java\jdk1.8.0_65\jre\bin\server\jvm.dll
0x00007ff9a0740000 - 0x00007ff9a0748000 	C:\WINDOWS\System32\PSAPI.DLL
0x00007ff99b850000 - 0x00007ff99b859000 	C:\WINDOWS\SYSTEM32\WSOCK32.dll
0x00007ff9a2210000 - 0x00007ff9a227a000 	C:\WINDOWS\System32\WS2_32.dll
0x00007ff99d070000 - 0x00007ff99d093000 	C:\WINDOWS\SYSTEM32\WINMM.dll
0x00007ff999750000 - 0x00007ff99975a000 	C:\WINDOWS\SYSTEM32\VERSION.dll
0x00007ff99cff0000 - 0x00007ff99d01b000 	C:\WINDOWS\SYSTEM32\WINMMBASE.dll
0x00007ff99f1b0000 - 0x00007ff99f1f2000 	C:\WINDOWS\System32\cfgmgr32.dll
0x000000005e000000 - 0x000000005e00f000 	C:\Program Files\Java\jdk1.8.0_65\jre\bin\verify.dll
0x000000005dfd0000 - 0x000000005dff9000 	C:\Program Files\Java\jdk1.8.0_65\jre\bin\java.dll
0x000000005dfb0000 - 0x000000005dfc6000 	C:\Program Files\Java\jdk1.8.0_65\jre\bin\zip.dll
0x00007ff9a0750000 - 0x00007ff9a1c59000 	C:\WINDOWS\System32\SHELL32.dll
0x00007ff99f2b0000 - 0x00007ff99f98a000 	C:\WINDOWS\System32\windows.storage.dll
0x00007ff99ec60000 - 0x00007ff99ecac000 	C:\WINDOWS\System32\powrprof.dll
0x00007ff9a2280000 - 0x00007ff9a22d2000 	C:\WINDOWS\System32\shlwapi.dll
0x00007ff99ecb0000 - 0x00007ff99ecbf000 	C:\WINDOWS\System32\kernel.appcore.dll
0x00007ff99f200000 - 0x00007ff99f2a9000 	C:\WINDOWS\System32\shcore.dll
0x00007ff99ec30000 - 0x00007ff99ec44000 	C:\WINDOWS\System32\profapi.dll

VM Arguments:
jvm_args: -Djava.awt.headless=true -Xmx1024M -Dfile.encoding=windows-1252 -Duser.country=US -Duser.language=en -Duser.variant 
java_command: com.android.dx.command.Main --dex --force-jumbo --num-threads=4 --multi-dex --output C:\Users\Cameron\Documents\Robotics\RoombaObjectTracking\app\build\intermediates\transforms\dex\debug\folders\1000\10\com.android.support-appcompat-v7-24.2.0_017ad0fb5e9ed83befdec6c228d4a00005a3f2a2 C:\Users\Cameron\Documents\Robotics\RoombaObjectTracking\app\build\intermediates\exploded-aar\com.android.support\appcompat-v7\24.2.0\jars\classes.jar
java_class_path (initial): C:\Users\Cameron\AppData\Local\Android\sdk\build-tools\24.0.2\lib\dx.jar
Launcher Type: SUN_STANDARD

Environment Variables:
USERNAME=Cameron
OS=Windows_NT
PROCESSOR_IDENTIFIER=Intel64 Family 6 Model 94 Stepping 3, GenuineIntel



---------------  S Y S T E M  ---------------

OS: Windows 10.0 , 64 bit Build 14393 (10.0.14393.0)

CPU:total 4 (4 cores per cpu, 1 threads per core) family 6 model 94 stepping 3, cmov, cx8, fxsr, mmx, sse, sse2, sse3, ssse3, sse4.1, sse4.2, popcnt, avx, avx2, aes, clmul, erms, rtm, 3dnowpref, lzcnt, tsc, tscinvbit, bmi1, bmi2, adx

Memory: 4k page, physical 8258828k(1401224k free), swap 8258828k(5168k free)

vm_info: Java HotSpot(TM) 64-Bit Server VM (25.65-b01) for windows-amd64 JRE (1.8.0_65-b17), built on Oct  6 2015 16:39:20 by "java_re" with MS VC++ 10.0 (VS2010)

time: Wed Nov 02 14:04:49 2016
elapsed time: 4 seconds (0d 0h 0m 4s)

