#
# There is insufficient memory for the Java Runtime Environment to continue.
# Native memory allocation (malloc) failed to allocate 32744 bytes for ChunkPool::allocate
# Possible reasons:
#   The system is out of physical RAM or swap space
#   In 32 bit mode, the process size limit was hit
# Possible solutions:
#   Reduce memory load on the system
#   Increase physical memory or swap space
#   Check if swap backing store is full
#   Use 64 bit Java on a 64 bit OS
#   Decrease Java heap size (-Xmx/-Xms)
#   Decrease number of Java threads
#   Decrease Java thread stack sizes (-Xss)
#   Set larger code cache with -XX:ReservedCodeCacheSize=
# This output file may be truncated or incomplete.
#
#  Out of Memory Error (allocation.cpp:273), pid=12560, tid=6528
#
# JRE version: Java(TM) SE Runtime Environment (8.0_65-b17) (build 1.8.0_65-b17)
# Java VM: Java HotSpot(TM) 64-Bit Server VM (25.65-b01 mixed mode windows-amd64 compressed oops)
# Failed to write core dump. Minidumps are not enabled by default on client versions of Windows
#

---------------  T H R E A D  ---------------

Current thread (0x000000001560e000):  JavaThread "C1 CompilerThread2" daemon [_thread_in_native, id=6528, stack(0x0000000017210000,0x0000000017310000)]

Stack: [0x0000000017210000,0x0000000017310000]
[error occurred during error reporting (printing stack bounds), id 0xc0000005]

Native frames: (J=compiled Java code, j=interpreted, Vv=VM code, C=native code)


Current CompileTask:
C1:     98   23  s    3       java.lang.StringBuffer::append (13 bytes)


---------------  P R O C E S S  ---------------

Java Threads: ( => current thread )
  0x0000000016e20000 JavaThread "Service Thread" daemon [_thread_new, id=2608, stack(0x0000000000000000,0x0000000000000000)]
=>0x000000001560e000 JavaThread "C1 CompilerThread2" daemon [_thread_in_native, id=6528, stack(0x0000000017210000,0x0000000017310000)]
  0x00000000155b2000 JavaThread "C2 CompilerThread1" daemon [_thread_blocked, id=10984, stack(0x0000000016d10000,0x0000000016e10000)]
  0x00000000155ab800 JavaThread "C2 CompilerThread0" daemon [_thread_blocked, id=14220, stack(0x0000000016c10000,0x0000000016d10000)]
  0x00000000155aa000 JavaThread "Attach Listener" daemon [_thread_blocked, id=14320, stack(0x0000000016b10000,0x0000000016c10000)]
  0x00000000155a9000 JavaThread "Signal Dispatcher" daemon [_thread_blocked, id=8504, stack(0x0000000016a10000,0x0000000016b10000)]
  0x0000000002e32000 JavaThread "Finalizer" daemon [_thread_blocked, id=11704, stack(0x0000000016820000,0x0000000016920000)]
  0x0000000002e2f000 JavaThread "Reference Handler" daemon [_thread_blocked, id=10928, stack(0x0000000016720000,0x0000000016820000)]
  0x0000000002d42800 JavaThread "main" [_thread_in_vm, id=5724, stack(0x0000000001490000,0x0000000001590000)]

Other Threads:
  0x0000000015577000 VMThread [stack: 0x0000000016620000,0x0000000016720000] [id=10128]
  0x0000000016e24800 WatcherThread [stack: 0x0000000000000000,0x0000000000000000] [id=6840]

VM state:not at safepoint (normal execution)

VM Mutex/Monitor currently owned by a thread: None

Heap:
 PSYoungGen      total 38400K, used 1996K [0x00000000eab00000, 0x00000000ed580000, 0x0000000100000000)
  eden space 33280K, 6% used [0x00000000eab00000,0x00000000eacf33f8,0x00000000ecb80000)
  from space 5120K, 0% used [0x00000000ed080000,0x00000000ed080000,0x00000000ed580000)
  to   space 5120K, 0% used [0x00000000ecb80000,0x00000000ecb80000,0x00000000ed080000)
 ParOldGen       total 87552K, used 0K [0x00000000c0000000, 0x00000000c5580000, 0x00000000eab00000)
  object space 87552K, 0% used [0x00000000c0000000,0x00000000c0000000,0x00000000c5580000)
 Metaspace       used 2451K, capacity 4480K, committed 4480K, reserved 1056768K
  class space    used 270K, capacity 384K, committed 384K, reserved 1048576K

Card table byte_map: [0x00000000122a0000,0x00000000124b0000] byte_map_base: 0x0000000011ca0000

Marking Bits: (ParMarkBitMap*) 0x000000005e81a5b0
 Begin Bits: [0x0000000012a10000, 0x0000000013a10000)
 End Bits:   [0x0000000013a10000, 0x0000000014a10000)

Polling page: 0x0000000001170000

CodeCache: size=245760Kb used=1092Kb max_used=1103Kb free=244667Kb
 bounds [0x0000000002ee0000, 0x0000000003150000, 0x0000000011ee0000]
 total_blobs=250 nmethods=23 adapters=141
 compilation: enabled

Compilation events (10 events):
Event: 0.096 Thread 0x000000001560e000   19       3       java.lang.StringBuilder::append (8 bytes)
Event: 0.096 Thread 0x000000001560e000 nmethod 19 0x0000000002fee850 code [0x0000000002fee9c0, 0x0000000002feed28]
Event: 0.096 Thread 0x000000001560e000   21       3       java.util.Arrays::copyOfRange (63 bytes)
Event: 0.096 Thread 0x000000001560e000 nmethod 21 0x0000000002feef10 code [0x0000000002fef120, 0x0000000002fefc58]
Event: 0.096 Thread 0x000000001560e000   20       3       java.io.WinNTFileSystem::isSlash (18 bytes)
Event: 0.096 Thread 0x000000001560e000 nmethod 20 0x0000000002ff0190 code [0x0000000002ff02e0, 0x0000000002ff04d0]
Event: 0.096 Thread 0x000000001560e000   22       3       java.lang.String::<init> (82 bytes)
Event: 0.097 Thread 0x000000001560e000 nmethod 22 0x0000000002ff0550 code [0x0000000002ff0720, 0x0000000002ff0c18]
Event: 0.097 Thread 0x000000001560e000   23  s    3       java.lang.StringBuffer::append (13 bytes)
Event: 0.097 Thread 0x00000000155b2000   24       4       java.lang.String::charAt (29 bytes)

GC Heap History (0 events):
No events

Deoptimization events (0 events):
No events

Internal exceptions (2 events):
Event: 0.041 Thread 0x0000000002d42800 Exception <a 'java/lang/NoSuchMethodError': Method sun.misc.Unsafe.defineClass(Ljava/lang/String;[BII)Ljava/lang/Class; name or signature does not match> (0x00000000eab0e318) thrown at [C:\workspace\8-2-build-windows-amd64-cygwin\jdk8u65\4987\hotspot\src\sû¯­ezì¤?
Event: 0.041 Thread 0x0000000002d42800 Exception <a 'java/lang/NoSuchMethodError': Method sun.misc.Unsafe.prefetchRead(Ljava/lang/Object;J)V name or signature does not match> (0x00000000eab0e600) thrown at [C:\workspace\8-2-build-windows-amd64-cygwin\jdk8u65\4987\hotspot\src\share\vm\prims\jni.

Events (10 events):
Event: 0.095 loading class sun/nio/cs/ThreadLocalCoders
Event: 0.095 loading class sun/nio/cs/ThreadLocalCoders done
Event: 0.095 loading class sun/nio/cs/ThreadLocalCoders$1
Event: 0.095 loading class sun/nio/cs/ThreadLocalCoders$Cache
Event: 0.095 loading class sun/nio/cs/ThreadLocalCoders$Cache done
Event: 0.095 loading class sun/nio/cs/ThreadLocalCoders$1 done
Event: 0.095 loading class sun/nio/cs/ThreadLocalCoders$2
Event: 0.095 loading class sun/nio/cs/ThreadLocalCoders$2 done
Event: 0.095 loading class sun/nio/cs/UTF_8$Decoder
Event: 0.095 loading class sun/nio/cs/UTF_8$Decoder done


Dynamic libraries:
0x00007ff783930000 - 0x00007ff783967000 	C:\Program Files\Java\jdk1.8.0_65\bin\java.exe
0x00007ff9a27d0000 - 0x00007ff9a29a1000 	C:\WINDOWS\SYSTEM32\ntdll.dll
0x00007ff9a01e0000 - 0x00007ff9a028b000 	C:\WINDOWS\System32\KERNEL32.DLL
0x00007ff99ed20000 - 0x00007ff99ef3d000 	C:\WINDOWS\System32\KERNELBASE.dll
0x00007ff9a0130000 - 0x00007ff9a01d2000 	C:\WINDOWS\System32\ADVAPI32.dll
0x00007ff9a2560000 - 0x00007ff9a25fe000 	C:\WINDOWS\System32\msvcrt.dll
0x00007ff9a00d0000 - 0x00007ff9a0129000 	C:\WINDOWS\System32\sechost.dll
0x00007ff9a2420000 - 0x00007ff9a2541000 	C:\WINDOWS\System32\RPCRT4.dll
0x00007ff99fec0000 - 0x00007ff9a0025000 	C:\WINDOWS\System32\USER32.dll
0x00007ff99f190000 - 0x00007ff99f1ae000 	C:\WINDOWS\System32\win32u.dll
0x00007ff9a0090000 - 0x00007ff9a00c4000 	C:\WINDOWS\System32\GDI32.dll
0x00007ff99f990000 - 0x00007ff99fb12000 	C:\WINDOWS\System32\gdi32full.dll
0x00007ff998f40000 - 0x00007ff9991ba000 	C:\WINDOWS\WinSxS\amd64_microsoft.windows.common-controls_6595b64144ccf1df_6.0.14393.351_none_4213128bc687e6d3\COMCTL32.dll
0x00007ff9a0290000 - 0x00007ff9a0557000 	C:\WINDOWS\System32\combase.dll
0x00007ff99ef40000 - 0x00007ff99f035000 	C:\WINDOWS\System32\ucrtbase.dll
0x00007ff99fcf0000 - 0x00007ff99fd5a000 	C:\WINDOWS\System32\bcryptPrimitives.dll
0x00007ff9a27a0000 - 0x00007ff9a27ce000 	C:\WINDOWS\System32\IMM32.DLL
0x000000005db50000 - 0x000000005dc22000 	C:\Program Files\Java\jdk1.8.0_65\jre\bin\msvcr100.dll
0x000000005e010000 - 0x000000005e899000 	C:\Program Files\Java\jdk1.8.0_65\jre\bin\server\jvm.dll
0x00007ff9a0740000 - 0x00007ff9a0748000 	C:\WINDOWS\System32\PSAPI.DLL
0x00007ff99b850000 - 0x00007ff99b859000 	C:\WINDOWS\SYSTEM32\WSOCK32.dll
0x00007ff9a2210000 - 0x00007ff9a227a000 	C:\WINDOWS\System32\WS2_32.dll
0x00007ff999750000 - 0x00007ff99975a000 	C:\WINDOWS\SYSTEM32\VERSION.dll
0x00007ff99d070000 - 0x00007ff99d093000 	C:\WINDOWS\SYSTEM32\WINMM.dll
0x00007ff99cff0000 - 0x00007ff99d01b000 	C:\WINDOWS\SYSTEM32\WINMMBASE.dll
0x00007ff99f1b0000 - 0x00007ff99f1f2000 	C:\WINDOWS\System32\cfgmgr32.dll
0x000000005e000000 - 0x000000005e00f000 	C:\Program Files\Java\jdk1.8.0_65\jre\bin\verify.dll
0x000000005dfd0000 - 0x000000005dff9000 	C:\Program Files\Java\jdk1.8.0_65\jre\bin\java.dll
0x000000005dfb0000 - 0x000000005dfc6000 	C:\Program Files\Java\jdk1.8.0_65\jre\bin\zip.dll
0x00007ff9a0750000 - 0x00007ff9a1c59000 	C:\WINDOWS\System32\SHELL32.dll
0x00007ff99f2b0000 - 0x00007ff99f98a000 	C:\WINDOWS\System32\windows.storage.dll
0x00007ff99ec60000 - 0x00007ff99ecac000 	C:\WINDOWS\System32\powrprof.dll
0x00007ff9a2280000 - 0x00007ff9a22d2000 	C:\WINDOWS\System32\shlwapi.dll
0x00007ff99ecb0000 - 0x00007ff99ecbf000 	C:\WINDOWS\System32\kernel.appcore.dll
0x00007ff99f200000 - 0x00007ff99f2a9000 	C:\WINDOWS\System32\shcore.dll
0x00007ff99ec30000 - 0x00007ff99ec44000 	C:\WINDOWS\System32\profapi.dll

VM Arguments:
jvm_args: -Djava.awt.headless=true -Xmx1024M -Dfile.encoding=windows-1252 -Duser.country=US -Duser.language=en -Duser.variant 
java_command: com.android.dx.command.Main --dex --force-jumbo --num-threads=4 --multi-dex --output C:\Users\Cameron\Documents\Robotics\RoombaObjectTracking\app\build\intermediates\transforms\dex\debug\folders\1000\10\com.google.android.gms-play-services-appindexing-8.1.0_ac20221c48c581b9d7af1f4b69a78e9cd6111711 C:\Users\Cameron\Documents\Robotics\RoombaObjectTracking\app\build\intermediates\exploded-aar\com.google.android.gms\play-services-appindexing\8.1.0\jars\classes.jar
java_class_path (initial): C:\Users\Cameron\AppData\Local\Android\sdk\build-tools\24.0.2\lib\dx.jar
Launcher Type: SUN_STANDARD

Environment Variables:
USERNAME=Cameron
OS=Windows_NT
PROCESSOR_IDENTIFIER=Intel64 Family 6 Model 94 Stepping 3, GenuineIntel



---------------  S Y S T E M  ---------------

OS: Windows 10.0 , 64 bit Build 14393 (10.0.14393.0)

CPU:total 4 (4 cores per cpu, 1 threads per core) family 6 model 94 stepping 3, cmov, cx8, fxsr, mmx, sse, sse2, sse3, ssse3, sse4.1, sse4.2, popcnt, avx, avx2, aes, clmul, erms, rtm, 3dnowpref, lzcnt, tsc, tscinvbit, bmi1, bmi2, adx

Memory: 4k page, physical 8258828k(1493052k free), swap 8258828k(3308k free)

vm_info: Java HotSpot(TM) 64-Bit Server VM (25.65-b01) for windows-amd64 JRE (1.8.0_65-b17), built on Oct  6 2015 16:39:20 by "java_re" with MS VC++ 10.0 (VS2010)

time: Wed Nov 02 14:00:21 2016
elapsed time: 0 seconds (0d 0h 0m 0s)

