#
# There is insufficient memory for the Java Runtime Environment to continue.
# Native memory allocation (malloc) failed to allocate 32744 bytes for ChunkPool::allocate
# Possible reasons:
#   The system is out of physical RAM or swap space
#   In 32 bit mode, the process size limit was hit
# Possible solutions:
#   Reduce memory load on the system
#   Increase physical memory or swap space
#   Check if swap backing store is full
#   Use 64 bit Java on a 64 bit OS
#   Decrease Java heap size (-Xmx/-Xms)
#   Decrease number of Java threads
#   Decrease Java thread stack sizes (-Xss)
#   Set larger code cache with -XX:ReservedCodeCacheSize=
# This output file may be truncated or incomplete.
#
#  Out of Memory Error (allocation.cpp:273), pid=8664, tid=12044
#
# JRE version: Java(TM) SE Runtime Environment (8.0_65-b17) (build 1.8.0_65-b17)
# Java VM: Java HotSpot(TM) 64-Bit Server VM (25.65-b01 mixed mode windows-amd64 compressed oops)
# Failed to write core dump. Minidumps are not enabled by default on client versions of Windows
#

---------------  T H R E A D  ---------------

Current thread (0x0000000014a3a800):  JavaThread "C1 CompilerThread2" daemon [_thread_in_native, id=12044, stack(0x0000000016220000,0x0000000016320000)]

Stack: [0x0000000016220000,0x0000000016320000]
[error occurred during error reporting (printing stack bounds), id 0xc0000005]

Native frames: (J=compiled Java code, j=interpreted, Vv=VM code, C=native code)


Current CompileTask:
C1:    134   84       3       sun.nio.cs.UTF_8$Decoder::decode (779 bytes)


---------------  P R O C E S S  ---------------

Java Threads: ( => current thread )
  0x0000000016327000 JavaThread "Service Thread" daemon [_thread_blocked, id=12460, stack(0x0000000016720000,0x0000000016820000)]
=>0x0000000014a3a800 JavaThread "C1 CompilerThread2" daemon [_thread_in_native, id=12044, stack(0x0000000016220000,0x0000000016320000)]
  0x00000000149e2000 JavaThread "C2 CompilerThread1" daemon [_thread_blocked, id=11900, stack(0x0000000016120000,0x0000000016220000)]
  0x00000000149db800 JavaThread "C2 CompilerThread0" daemon [_thread_blocked, id=13484, stack(0x0000000016020000,0x0000000016120000)]
  0x00000000149da000 JavaThread "Attach Listener" daemon [_thread_blocked, id=12440, stack(0x0000000015f20000,0x0000000016020000)]
  0x00000000149d9000 JavaThread "Signal Dispatcher" daemon [_thread_blocked, id=12784, stack(0x0000000015e20000,0x0000000015f20000)]
  0x0000000002302000 JavaThread "Finalizer" daemon [_thread_blocked, id=7536, stack(0x0000000015c30000,0x0000000015d30000)]
  0x00000000022ff000 JavaThread "Reference Handler" daemon [_thread_blocked, id=7340, stack(0x0000000015b30000,0x0000000015c30000)]
  0x0000000002212800 JavaThread "main" [_thread_in_vm, id=12820, stack(0x0000000002110000,0x0000000002210000)]

Other Threads:
  0x00000000149a7000 VMThread [stack: 0x0000000015a30000,0x0000000015b30000] [id=10464]
  0x000000001632b800 WatcherThread [stack: 0x0000000016820000,0x0000000016920000] [id=13664]

VM state:not at safepoint (normal execution)

VM Mutex/Monitor currently owned by a thread:  ([mutex/lock_event])
[0x000000000088d510] AdapterHandlerLibrary_lock - owner thread: 0x0000000002212800

Heap:
 PSYoungGen      total 38400K, used 3328K [0x00000000eab00000, 0x00000000ed580000, 0x0000000100000000)
  eden space 33280K, 10% used [0x00000000eab00000,0x00000000eae40108,0x00000000ecb80000)
  from space 5120K, 0% used [0x00000000ed080000,0x00000000ed080000,0x00000000ed580000)
  to   space 5120K, 0% used [0x00000000ecb80000,0x00000000ecb80000,0x00000000ed080000)
 ParOldGen       total 87552K, used 0K [0x00000000c0000000, 0x00000000c5580000, 0x00000000eab00000)
  object space 87552K, 0% used [0x00000000c0000000,0x00000000c0000000,0x00000000c5580000)
 Metaspace       used 3256K, capacity 4720K, committed 4864K, reserved 1056768K
  class space    used 362K, capacity 424K, committed 512K, reserved 1048576K

Card table byte_map: [0x00000000116d0000,0x00000000118e0000] byte_map_base: 0x00000000110d0000

Marking Bits: (ParMarkBitMap*) 0x000000005e81a5b0
 Begin Bits: [0x0000000011e40000, 0x0000000012e40000)
 End Bits:   [0x0000000012e40000, 0x0000000013e40000)

Polling page: 0x00000000001f0000

CodeCache: size=245760Kb used=1210Kb max_used=1210Kb free=244549Kb
 bounds [0x0000000002310000, 0x0000000002580000, 0x0000000011310000]
 total_blobs=326 nmethods=86 adapters=153
 compilation: enabled

Compilation events (10 events):
Event: 0.129 Thread 0x0000000014a3a800 nmethod 77 0x000000000243c550 code [0x000000000243c6a0, 0x000000000243c810]
Event: 0.130 Thread 0x0000000014a3a800   78       3       java.util.zip.ZipFile::access$400 (5 bytes)
Event: 0.130 Thread 0x0000000014a3a800 nmethod 78 0x000000000243c890 code [0x000000000243c9e0, 0x000000000243cb10]
Event: 0.131 Thread 0x0000000014a3a800   80       1       java.util.zip.ZipFile::access$300 (5 bytes)
Event: 0.131 Thread 0x0000000014a3a800 nmethod 80 0x000000000243cf90 code [0x000000000243d0e0, 0x000000000243d1d0]
Event: 0.131 Thread 0x0000000014a3a800   81       3       java.util.zip.ZipFile::ensureOpen (37 bytes)
Event: 0.131 Thread 0x0000000014a3a800 nmethod 81 0x000000000243d250 code [0x000000000243d3e0, 0x000000000243d6b8]
Event: 0.131 Thread 0x0000000014a3a800   82       1       java.util.zip.ZipCoder::isUTF8 (5 bytes)
Event: 0.131 Thread 0x0000000014a3a800 nmethod 82 0x000000000243d7d0 code [0x000000000243d920, 0x000000000243da30]
Event: 0.132 Thread 0x0000000014a3a800   84       3       sun.nio.cs.UTF_8$Decoder::decode (779 bytes)

GC Heap History (0 events):
No events

Deoptimization events (0 events):
No events

Internal exceptions (2 events):
Event: 0.037 Thread 0x0000000002212800 Exception <a 'java/lang/NoSuchMethodError': Method sun.misc.Unsafe.defineClass(Ljava/lang/String;[BII)Ljava/lang/Class; name or signature does not match> (0x00000000eab0e310) thrown at [C:\workspace\8-2-build-windows-amd64-cygwin\jdk8u65\4987\hotspot\src\sù\\ÕÄ2£?
Event: 0.037 Thread 0x0000000002212800 Exception <a 'java/lang/NoSuchMethodError': Method sun.misc.Unsafe.prefetchRead(Ljava/lang/Object;J)V name or signature does not match> (0x00000000eab0e5f8) thrown at [C:\workspace\8-2-build-windows-amd64-cygwin\jdk8u65\4987\hotspot\src\share\vm\prims\jni.

Events (10 events):
Event: 0.127 loading class java/util/concurrent/Executors$DelegatedExecutorService done
Event: 0.127 loading class java/util/concurrent/Executors$FinalizableDelegatedExecutorService done
Event: 0.127 loading class com/android/dx/cf/direct/ClassPathOpener
Event: 0.127 loading class com/android/dx/cf/direct/ClassPathOpener done
Event: 0.128 loading class com/android/dx/cf/direct/ClassPathOpener$1
Event: 0.128 loading class com/android/dx/cf/direct/ClassPathOpener$1 done
Event: 0.128 loading class com/android/dx/command/dexer/Main$FileBytesConsumer
Event: 0.128 loading class com/android/dx/command/dexer/Main$FileBytesConsumer done
Event: 0.129 loading class java/util/zip/ZipFile$ZipEntryIterator
Event: 0.129 loading class java/util/zip/ZipFile$ZipEntryIterator done


Dynamic libraries:
0x00007ff783930000 - 0x00007ff783967000 	C:\Program Files\Java\jdk1.8.0_65\bin\java.exe
0x00007ff9a27d0000 - 0x00007ff9a29a1000 	C:\WINDOWS\SYSTEM32\ntdll.dll
0x00007ff9a01e0000 - 0x00007ff9a028b000 	C:\WINDOWS\System32\KERNEL32.DLL
0x00007ff99ed20000 - 0x00007ff99ef3d000 	C:\WINDOWS\System32\KERNELBASE.dll
0x00007ff9a0130000 - 0x00007ff9a01d2000 	C:\WINDOWS\System32\ADVAPI32.dll
0x00007ff9a2560000 - 0x00007ff9a25fe000 	C:\WINDOWS\System32\msvcrt.dll
0x00007ff9a00d0000 - 0x00007ff9a0129000 	C:\WINDOWS\System32\sechost.dll
0x00007ff9a2420000 - 0x00007ff9a2541000 	C:\WINDOWS\System32\RPCRT4.dll
0x00007ff99fec0000 - 0x00007ff9a0025000 	C:\WINDOWS\System32\USER32.dll
0x00007ff99f190000 - 0x00007ff99f1ae000 	C:\WINDOWS\System32\win32u.dll
0x00007ff9a0090000 - 0x00007ff9a00c4000 	C:\WINDOWS\System32\GDI32.dll
0x00007ff99f990000 - 0x00007ff99fb12000 	C:\WINDOWS\System32\gdi32full.dll
0x00007ff998f40000 - 0x00007ff9991ba000 	C:\WINDOWS\WinSxS\amd64_microsoft.windows.common-controls_6595b64144ccf1df_6.0.14393.351_none_4213128bc687e6d3\COMCTL32.dll
0x00007ff9a0290000 - 0x00007ff9a0557000 	C:\WINDOWS\System32\combase.dll
0x00007ff99ef40000 - 0x00007ff99f035000 	C:\WINDOWS\System32\ucrtbase.dll
0x00007ff99fcf0000 - 0x00007ff99fd5a000 	C:\WINDOWS\System32\bcryptPrimitives.dll
0x00007ff9a27a0000 - 0x00007ff9a27ce000 	C:\WINDOWS\System32\IMM32.DLL
0x000000005db50000 - 0x000000005dc22000 	C:\Program Files\Java\jdk1.8.0_65\jre\bin\msvcr100.dll
0x000000005e010000 - 0x000000005e899000 	C:\Program Files\Java\jdk1.8.0_65\jre\bin\server\jvm.dll
0x00007ff9a0740000 - 0x00007ff9a0748000 	C:\WINDOWS\System32\PSAPI.DLL
0x00007ff99b850000 - 0x00007ff99b859000 	C:\WINDOWS\SYSTEM32\WSOCK32.dll
0x00007ff9a2210000 - 0x00007ff9a227a000 	C:\WINDOWS\System32\WS2_32.dll
0x00007ff999750000 - 0x00007ff99975a000 	C:\WINDOWS\SYSTEM32\VERSION.dll
0x00007ff99d070000 - 0x00007ff99d093000 	C:\WINDOWS\SYSTEM32\WINMM.dll
0x00007ff99cff0000 - 0x00007ff99d01b000 	C:\WINDOWS\SYSTEM32\WINMMBASE.dll
0x00007ff99f1b0000 - 0x00007ff99f1f2000 	C:\WINDOWS\System32\cfgmgr32.dll
0x000000005e000000 - 0x000000005e00f000 	C:\Program Files\Java\jdk1.8.0_65\jre\bin\verify.dll
0x000000005dfd0000 - 0x000000005dff9000 	C:\Program Files\Java\jdk1.8.0_65\jre\bin\java.dll
0x000000005dfb0000 - 0x000000005dfc6000 	C:\Program Files\Java\jdk1.8.0_65\jre\bin\zip.dll
0x00007ff9a0750000 - 0x00007ff9a1c59000 	C:\WINDOWS\System32\SHELL32.dll
0x00007ff99f2b0000 - 0x00007ff99f98a000 	C:\WINDOWS\System32\windows.storage.dll
0x00007ff99ec60000 - 0x00007ff99ecac000 	C:\WINDOWS\System32\powrprof.dll
0x00007ff9a2280000 - 0x00007ff9a22d2000 	C:\WINDOWS\System32\shlwapi.dll
0x00007ff99ecb0000 - 0x00007ff99ecbf000 	C:\WINDOWS\System32\kernel.appcore.dll
0x00007ff99f200000 - 0x00007ff99f2a9000 	C:\WINDOWS\System32\shcore.dll
0x00007ff99ec30000 - 0x00007ff99ec44000 	C:\WINDOWS\System32\profapi.dll

VM Arguments:
jvm_args: -Djava.awt.headless=true -Xmx1024M -Dfile.encoding=windows-1252 -Duser.country=US -Duser.language=en -Duser.variant 
java_command: com.android.dx.command.Main --dex --force-jumbo --num-threads=4 --multi-dex --output C:\Users\Cameron\Documents\Robotics\RoombaObjectTracking\app\build\intermediates\transforms\dex\debug\folders\1000\10\com.google.android.gms-play-services-basement-8.1.0_d3db269af24a52fafe4089e39b27b05ad8e5af68 C:\Users\Cameron\Documents\Robotics\RoombaObjectTracking\app\build\intermediates\exploded-aar\com.google.android.gms\play-services-basement\8.1.0\jars\classes.jar
java_class_path (initial): C:\Users\Cameron\AppData\Local\Android\sdk\build-tools\24.0.2\lib\dx.jar
Launcher Type: SUN_STANDARD

Environment Variables:
USERNAME=Cameron
OS=Windows_NT
PROCESSOR_IDENTIFIER=Intel64 Family 6 Model 94 Stepping 3, GenuineIntel



---------------  S Y S T E M  ---------------

OS: Windows 10.0 , 64 bit Build 14393 (10.0.14393.0)

CPU:total 4 (4 cores per cpu, 1 threads per core) family 6 model 94 stepping 3, cmov, cx8, fxsr, mmx, sse, sse2, sse3, ssse3, sse4.1, sse4.2, popcnt, avx, avx2, aes, clmul, erms, rtm, 3dnowpref, lzcnt, tsc, tscinvbit, bmi1, bmi2, adx

Memory: 4k page, physical 8258828k(1487888k free), swap 8258828k(336k free)

vm_info: Java HotSpot(TM) 64-Bit Server VM (25.65-b01) for windows-amd64 JRE (1.8.0_65-b17), built on Oct  6 2015 16:39:20 by "java_re" with MS VC++ 10.0 (VS2010)

time: Wed Nov 02 14:00:21 2016
elapsed time: 0 seconds (0d 0h 0m 0s)

