#
# There is insufficient memory for the Java Runtime Environment to continue.
# Native memory allocation (malloc) failed to allocate 1561536 bytes for Chunk::new
# Possible reasons:
#   The system is out of physical RAM or swap space
#   In 32 bit mode, the process size limit was hit
# Possible solutions:
#   Reduce memory load on the system
#   Increase physical memory or swap space
#   Check if swap backing store is full
#   Use 64 bit Java on a 64 bit OS
#   Decrease Java heap size (-Xmx/-Xms)
#   Decrease number of Java threads
#   Decrease Java thread stack sizes (-Xss)
#   Set larger code cache with -XX:ReservedCodeCacheSize=
# This output file may be truncated or incomplete.
#
#  Out of Memory Error (allocation.cpp:390), pid=14216, tid=996
#
# JRE version: Java(TM) SE Runtime Environment (8.0_65-b17) (build 1.8.0_65-b17)
# Java VM: Java HotSpot(TM) 64-Bit Server VM (25.65-b01 mixed mode windows-amd64 compressed oops)
# Failed to write core dump. Minidumps are not enabled by default on client versions of Windows
#

---------------  T H R E A D  ---------------

Current thread (0x00000000149da800):  JavaThread "C2 CompilerThread0" daemon [_thread_in_native, id=996, stack(0x0000000016050000,0x0000000016150000)]

Stack: [0x0000000016050000,0x0000000016150000]
[error occurred during error reporting (printing stack bounds), id 0xc0000005]

Native frames: (J=compiled Java code, j=interpreted, Vv=VM code, C=native code)


Current CompileTask:
C2:   1710 1473   !   4       com.android.dx.cf.code.BytecodeArray::parseInstruction (2764 bytes)


---------------  P R O C E S S  ---------------

Java Threads: ( => current thread )
  0x00000000164b4800 JavaThread "pool-2-thread-4" [_thread_blocked, id=11604, stack(0x0000000016d50000,0x0000000016e50000)]
  0x00000000164b3800 JavaThread "pool-2-thread-3" [_thread_blocked, id=10364, stack(0x0000000016c50000,0x0000000016d50000)]
  0x00000000164b2000 JavaThread "pool-2-thread-2" [_thread_in_Java, id=5976, stack(0x0000000016b50000,0x0000000016c50000)]
  0x00000000164d0000 JavaThread "pool-3-thread-1" [_thread_blocked, id=11532, stack(0x0000000016a50000,0x0000000016b50000)]
  0x00000000164cc800 JavaThread "pool-2-thread-1" [_thread_in_Java, id=2620, stack(0x0000000016950000,0x0000000016a50000)]
  0x0000000016265800 JavaThread "Service Thread" daemon [_thread_blocked, id=12656, stack(0x0000000016750000,0x0000000016850000)]
  0x0000000016258800 JavaThread "C1 CompilerThread2" daemon [_thread_blocked, id=11336, stack(0x0000000016650000,0x0000000016750000)]
  0x00000000149e2000 JavaThread "C2 CompilerThread1" daemon [_thread_in_native, id=7508, stack(0x0000000016150000,0x0000000016250000)]
=>0x00000000149da800 JavaThread "C2 CompilerThread0" daemon [_thread_in_native, id=996, stack(0x0000000016050000,0x0000000016150000)]
  0x00000000149d9800 JavaThread "Attach Listener" daemon [_thread_blocked, id=12868, stack(0x0000000015f50000,0x0000000016050000)]
  0x00000000149d8000 JavaThread "Signal Dispatcher" daemon [_thread_blocked, id=11820, stack(0x0000000015e50000,0x0000000015f50000)]
  0x00000000022e2000 JavaThread "Finalizer" daemon [_thread_blocked, id=12852, stack(0x0000000015c60000,0x0000000015d60000)]
  0x00000000149a9000 JavaThread "Reference Handler" daemon [_thread_blocked, id=10252, stack(0x0000000015b60000,0x0000000015c60000)]
  0x00000000021f2800 JavaThread "main" [_thread_in_native, id=12712, stack(0x0000000001fb0000,0x00000000020b0000)]

Other Threads:
  0x00000000149a7000 VMThread [stack: 0x0000000015a60000,0x0000000015b60000] [id=1800]
  0x0000000016260000 WatcherThread [stack: 0x0000000016850000,0x0000000016950000] [id=7316]

VM state:not at safepoint (normal execution)

VM Mutex/Monitor currently owned by a thread: None

Heap:
 PSYoungGen      total 38400K, used 36258K [0x00000000eab00000, 0x00000000ef600000, 0x0000000100000000)
  eden space 33280K, 93% used [0x00000000eab00000,0x00000000ec9703d0,0x00000000ecb80000)
  from space 5120K, 99% used [0x00000000ecb80000,0x00000000ed078450,0x00000000ed080000)
  to   space 5120K, 0% used [0x00000000ef100000,0x00000000ef100000,0x00000000ef600000)
 ParOldGen       total 87552K, used 710K [0x00000000c0000000, 0x00000000c5580000, 0x00000000eab00000)
  object space 87552K, 0% used [0x00000000c0000000,0x00000000c00b1800,0x00000000c5580000)
 Metaspace       used 6209K, capacity 7088K, committed 7296K, reserved 1056768K
  class space    used 602K, capacity 616K, committed 640K, reserved 1048576K

Card table byte_map: [0x00000000116b0000,0x00000000118c0000] byte_map_base: 0x00000000110b0000

Marking Bits: (ParMarkBitMap*) 0x000000005e81a5b0
 Begin Bits: [0x0000000011e20000, 0x0000000012e20000)
 End Bits:   [0x0000000012e20000, 0x0000000013e20000)

Polling page: 0x00000000009f0000

CodeCache: size=245760Kb used=6177Kb max_used=6177Kb free=239582Kb
 bounds [0x00000000022f0000, 0x0000000002900000, 0x00000000112f0000]
 total_blobs=1762 nmethods=1493 adapters=182
 compilation: enabled

Compilation events (10 events):
Event: 1.695 Thread 0x0000000016258800 nmethod 1499 0x00000000028ed590 code [0x00000000028ed8e0, 0x00000000028ef518]
Event: 1.695 Thread 0x0000000016258800 1500   !   3       com.android.dx.cf.code.Merger::mergeStack (192 bytes)
Event: 1.696 Thread 0x0000000016258800 nmethod 1500 0x00000000028f0190 code [0x00000000028f0520, 0x00000000028f2518]
Event: 1.696 Thread 0x0000000016258800 1501       3       com.android.dx.cf.code.Frame::mergeSubroutineLists (90 bytes)
Event: 1.696 Thread 0x0000000016258800 nmethod 1501 0x00000000028f3710 code [0x00000000028f38e0, 0x00000000028f41c8]
Event: 1.698 Thread 0x0000000016258800 1502       3       com.android.dx.ssa.SsaBasicBlock::addMoveToEnd (172 bytes)
Event: 1.700 Thread 0x0000000016258800 nmethod 1502 0x00000000028f44d0 code [0x00000000028f4860, 0x00000000028f6788]
Event: 1.700 Thread 0x0000000016258800 1503       3       com.android.dx.ssa.PhiInsn::predBlockIndexForSourcesIndex (15 bytes)
Event: 1.700 Thread 0x0000000016258800 nmethod 1503 0x00000000028e5050 code [0x00000000028e5200, 0x00000000028e56d8]
Event: 1.702 Thread 0x0000000016258800 1504       3       com.android.dx.dex.cf.CfTranslator::translate0 (259 bytes)

GC Heap History (2 events):
Event: 1.373 GC heap before
{Heap before GC invocations=1 (full 0):
 PSYoungGen      total 38400K, used 33280K [0x00000000eab00000, 0x00000000ed580000, 0x0000000100000000)
  eden space 33280K, 100% used [0x00000000eab00000,0x00000000ecb80000,0x00000000ecb80000)
  from space 5120K, 0% used [0x00000000ed080000,0x00000000ed080000,0x00000000ed580000)
  to   space 5120K, 0% used [0x00000000ecb80000,0x00000000ecb80000,0x00000000ed080000)
 ParOldGen       total 87552K, used 0K [0x00000000c0000000, 0x00000000c5580000, 0x00000000eab00000)
  object space 87552K, 0% used [0x00000000c0000000,0x00000000c0000000,0x00000000c5580000)
 Metaspace       used 5977K, capacity 6896K, committed 7040K, reserved 1056768K
  class space    used 602K, capacity 616K, committed 640K, reserved 1048576K
Event: 1.406 GC heap after
Heap after GC invocations=1 (full 0):
 PSYoungGen      total 38400K, used 5089K [0x00000000eab00000, 0x00000000ef600000, 0x0000000100000000)
  eden space 33280K, 0% used [0x00000000eab00000,0x00000000eab00000,0x00000000ecb80000)
  from space 5120K, 99% used [0x00000000ecb80000,0x00000000ed078450,0x00000000ed080000)
  to   space 5120K, 0% used [0x00000000ef100000,0x00000000ef100000,0x00000000ef600000)
 ParOldGen       total 87552K, used 710K [0x00000000c0000000, 0x00000000c5580000, 0x00000000eab00000)
  object space 87552K, 0% used [0x00000000c0000000,0x00000000c00b1800,0x00000000c5580000)
 Metaspace       used 5977K, capacity 6896K, committed 7040K, reserved 1056768K
  class space    used 602K, capacity 616K, committed 640K, reserved 1048576K
}

Deoptimization events (7 events):
Event: 0.309 Thread 0x00000000021f2800 Uncommon trap: reason=unstable_if action=reinterpret pc=0x0000000002442154 method=java.lang.String.compareTo(Ljava/lang/String;)I @ 38
Event: 1.151 Thread 0x00000000021f2800 Uncommon trap: reason=unstable_if action=reinterpret pc=0x0000000002539684 method=java.util.HashMap.getNode(ILjava/lang/Object;)Ljava/util/HashMap$Node; @ 62
Event: 1.179 Thread 0x00000000164b4800 Uncommon trap: reason=unstable_if action=reinterpret pc=0x00000000025616f0 method=java.util.BitSet.nextSetBit(I)I @ 87
Event: 1.304 Thread 0x00000000164cc800 Uncommon trap: reason=unstable_if action=reinterpret pc=0x00000000026a172c method=com.android.dx.rop.code.RegisterSpecSet.put(Lcom/android/dx/rop/code/RegisterSpec;)V @ 77
Event: 1.304 Thread 0x00000000164cc800 Uncommon trap: reason=unstable_if action=reinterpret pc=0x00000000026e1aa4 method=com.android.dx.rop.code.RegisterSpecSet.put(Lcom/android/dx/rop/code/RegisterSpec;)V @ 77
Event: 1.420 Thread 0x00000000164b4800 Uncommon trap: reason=unstable_if action=reinterpret pc=0x000000000266b514 method=java.util.HashMap.getNode(ILjava/lang/Object;)Ljava/util/HashMap$Node; @ 62
Event: 1.565 Thread 0x00000000164cc800 Uncommon trap: reason=null_check action=make_not_entrant pc=0x000000000283a778 method=com.android.dx.ssa.SsaRenamer.getLocalForNewReg(I)Lcom/android/dx/rop/code/LocalItem; @ 19

Internal exceptions (3 events):
Event: 0.103 Thread 0x00000000021f2800 Exception <a 'java/lang/NoSuchMethodError': Method sun.misc.Unsafe.defineClass(Ljava/lang/String;[BII)Ljava/lang/Class; name or signature does not match> (0x00000000eab0e468) thrown at [C:\workspace\8-2-build-windows-amd64-cygwin\jdk8u65\4987\hotspot\src\s6•{ñqº?
Event: 0.103 Thread 0x00000000021f2800 Exception <a 'java/lang/NoSuchMethodError': Method sun.misc.Unsafe.prefetchRead(Ljava/lang/Object;J)V name or signature does not match> (0x00000000eab0e750) thrown at [C:\workspace\8-2-build-windows-amd64-cygwin\jdk8u65\4987\hotspot\src\share\vm\prims\jni.YˆÛÝÏù?
Event: 1.565 Thread 0x00000000164cc800 Implicit null exception at 0x0000000002839a37 to 0x000000000283a72d

Events (10 events):
Event: 1.304 Thread 0x00000000164cc800 DEOPT PACKING pc=0x00000000026e1aa4 sp=0x0000000016a4e960
Event: 1.304 Thread 0x00000000164cc800 DEOPT UNPACKING pc=0x000000000233582a sp=0x0000000016a4e880 mode 2
Event: 1.373 Executing VM operation: ParallelGCFailedAllocation
Event: 1.406 Executing VM operation: ParallelGCFailedAllocation done
Event: 1.420 Thread 0x00000000164b4800 Uncommon trap: trap_request=0xffffff65 fr.pc=0x000000000266b514
Event: 1.420 Thread 0x00000000164b4800 DEOPT PACKING pc=0x000000000266b514 sp=0x0000000016e4e740
Event: 1.420 Thread 0x00000000164b4800 DEOPT UNPACKING pc=0x000000000233582a sp=0x0000000016e4e468 mode 2
Event: 1.565 Thread 0x00000000164cc800 Uncommon trap: trap_request=0xfffffff4 fr.pc=0x000000000283a778
Event: 1.565 Thread 0x00000000164cc800 DEOPT PACKING pc=0x000000000283a778 sp=0x0000000016a4e8a0
Event: 1.565 Thread 0x00000000164cc800 DEOPT UNPACKING pc=0x000000000233582a sp=0x0000000016a4e698 mode 2


Dynamic libraries:
0x00007ff783930000 - 0x00007ff783967000 	C:\Program Files\Java\jdk1.8.0_65\bin\java.exe
0x00007ff9a27d0000 - 0x00007ff9a29a1000 	C:\WINDOWS\SYSTEM32\ntdll.dll
0x00007ff9a01e0000 - 0x00007ff9a028b000 	C:\WINDOWS\System32\KERNEL32.DLL
0x00007ff99ed20000 - 0x00007ff99ef3d000 	C:\WINDOWS\System32\KERNELBASE.dll
0x00007ff9a0130000 - 0x00007ff9a01d2000 	C:\WINDOWS\System32\ADVAPI32.dll
0x00007ff9a2560000 - 0x00007ff9a25fe000 	C:\WINDOWS\System32\msvcrt.dll
0x00007ff9a00d0000 - 0x00007ff9a0129000 	C:\WINDOWS\System32\sechost.dll
0x00007ff9a2420000 - 0x00007ff9a2541000 	C:\WINDOWS\System32\RPCRT4.dll
0x00007ff99fec0000 - 0x00007ff9a0025000 	C:\WINDOWS\System32\USER32.dll
0x00007ff99f190000 - 0x00007ff99f1ae000 	C:\WINDOWS\System32\win32u.dll
0x00007ff9a0090000 - 0x00007ff9a00c4000 	C:\WINDOWS\System32\GDI32.dll
0x00007ff99f990000 - 0x00007ff99fb12000 	C:\WINDOWS\System32\gdi32full.dll
0x00007ff998f40000 - 0x00007ff9991ba000 	C:\WINDOWS\WinSxS\amd64_microsoft.windows.common-controls_6595b64144ccf1df_6.0.14393.351_none_4213128bc687e6d3\COMCTL32.dll
0x00007ff9a0290000 - 0x00007ff9a0557000 	C:\WINDOWS\System32\combase.dll
0x00007ff99ef40000 - 0x00007ff99f035000 	C:\WINDOWS\System32\ucrtbase.dll
0x00007ff99fcf0000 - 0x00007ff99fd5a000 	C:\WINDOWS\System32\bcryptPrimitives.dll
0x00007ff9a27a0000 - 0x00007ff9a27ce000 	C:\WINDOWS\System32\IMM32.DLL
0x000000005db50000 - 0x000000005dc22000 	C:\Program Files\Java\jdk1.8.0_65\jre\bin\msvcr100.dll
0x000000005e010000 - 0x000000005e899000 	C:\Program Files\Java\jdk1.8.0_65\jre\bin\server\jvm.dll
0x00007ff9a0740000 - 0x00007ff9a0748000 	C:\WINDOWS\System32\PSAPI.DLL
0x00007ff99b850000 - 0x00007ff99b859000 	C:\WINDOWS\SYSTEM32\WSOCK32.dll
0x00007ff9a2210000 - 0x00007ff9a227a000 	C:\WINDOWS\System32\WS2_32.dll
0x00007ff99d070000 - 0x00007ff99d093000 	C:\WINDOWS\SYSTEM32\WINMM.dll
0x00007ff999750000 - 0x00007ff99975a000 	C:\WINDOWS\SYSTEM32\VERSION.dll
0x00007ff99cff0000 - 0x00007ff99d01b000 	C:\WINDOWS\SYSTEM32\WINMMBASE.dll
0x00007ff99f1b0000 - 0x00007ff99f1f2000 	C:\WINDOWS\System32\cfgmgr32.dll
0x000000005e000000 - 0x000000005e00f000 	C:\Program Files\Java\jdk1.8.0_65\jre\bin\verify.dll
0x000000005dfd0000 - 0x000000005dff9000 	C:\Program Files\Java\jdk1.8.0_65\jre\bin\java.dll
0x000000005dfb0000 - 0x000000005dfc6000 	C:\Program Files\Java\jdk1.8.0_65\jre\bin\zip.dll
0x00007ff9a0750000 - 0x00007ff9a1c59000 	C:\WINDOWS\System32\SHELL32.dll
0x00007ff99f2b0000 - 0x00007ff99f98a000 	C:\WINDOWS\System32\windows.storage.dll
0x00007ff99ec60000 - 0x00007ff99ecac000 	C:\WINDOWS\System32\powrprof.dll
0x00007ff9a2280000 - 0x00007ff9a22d2000 	C:\WINDOWS\System32\shlwapi.dll
0x00007ff99ecb0000 - 0x00007ff99ecbf000 	C:\WINDOWS\System32\kernel.appcore.dll
0x00007ff99f200000 - 0x00007ff99f2a9000 	C:\WINDOWS\System32\shcore.dll
0x00007ff99ec30000 - 0x00007ff99ec44000 	C:\WINDOWS\System32\profapi.dll

VM Arguments:
jvm_args: -Djava.awt.headless=true -Xmx1024M -Dfile.encoding=windows-1252 -Duser.country=US -Duser.language=en -Duser.variant 
java_command: com.android.dx.command.Main --dex --force-jumbo --num-threads=4 --multi-dex --output C:\Users\Cameron\Documents\Robotics\RoombaObjectTracking\app\build\intermediates\transforms\dex\debug\folders\1000\10\com.android.support-support-compat-24.2.0_e2975f66a63ff7d0a1cf26ad3ae989b3d444ccd4 C:\Users\Cameron\Documents\Robotics\RoombaObjectTracking\app\build\intermediates\exploded-aar\com.android.support\support-compat\24.2.0\jars\classes.jar
java_class_path (initial): C:\Users\Cameron\AppData\Local\Android\sdk\build-tools\24.0.2\lib\dx.jar
Launcher Type: SUN_STANDARD

Environment Variables:
USERNAME=Cameron
OS=Windows_NT
PROCESSOR_IDENTIFIER=Intel64 Family 6 Model 94 Stepping 3, GenuineIntel



---------------  S Y S T E M  ---------------

OS: Windows 10.0 , 64 bit Build 14393 (10.0.14393.0)

CPU:total 4 (4 cores per cpu, 1 threads per core) family 6 model 94 stepping 3, cmov, cx8, fxsr, mmx, sse, sse2, sse3, ssse3, sse4.1, sse4.2, popcnt, avx, avx2, aes, clmul, erms, rtm, 3dnowpref, lzcnt, tsc, tscinvbit, bmi1, bmi2, adx

Memory: 4k page, physical 8258828k(1476220k free), swap 8258828k(6500k free)

vm_info: Java HotSpot(TM) 64-Bit Server VM (25.65-b01) for windows-amd64 JRE (1.8.0_65-b17), built on Oct  6 2015 16:39:20 by "java_re" with MS VC++ 10.0 (VS2010)

time: Wed Nov 02 14:00:29 2016
elapsed time: 1 seconds (0d 0h 0m 1s)

