#
# There is insufficient memory for the Java Runtime Environment to continue.
# Native memory allocation (malloc) failed to allocate 488336 bytes for Chunk::new
# Possible reasons:
#   The system is out of physical RAM or swap space
#   In 32 bit mode, the process size limit was hit
# Possible solutions:
#   Reduce memory load on the system
#   Increase physical memory or swap space
#   Check if swap backing store is full
#   Use 64 bit Java on a 64 bit OS
#   Decrease Java heap size (-Xmx/-Xms)
#   Decrease number of Java threads
#   Decrease Java thread stack sizes (-Xss)
#   Set larger code cache with -XX:ReservedCodeCacheSize=
# This output file may be truncated or incomplete.
#
#  Out of Memory Error (allocation.cpp:390), pid=7524, tid=8716
#
# JRE version: Java(TM) SE Runtime Environment (8.0_65-b17) (build 1.8.0_65-b17)
# Java VM: Java HotSpot(TM) 64-Bit Server VM (25.65-b01 mixed mode windows-amd64 compressed oops)
# Failed to write core dump. Minidumps are not enabled by default on client versions of Windows
#

---------------  T H R E A D  ---------------

Current thread (0x000000001512c800):  JavaThread "C2 CompilerThread0" daemon [_thread_in_native, id=8716, stack(0x0000000016790000,0x0000000016890000)]

Stack: [0x0000000016790000,0x0000000016890000]
[error occurred during error reporting (printing stack bounds), id 0xc0000005]

Native frames: (J=compiled Java code, j=interpreted, Vv=VM code, C=native code)


Current CompileTask:
C2:   2193 1336       4       com.android.dx.ssa.SCCP::simulateBranch (666 bytes)


---------------  P R O C E S S  ---------------

Java Threads: ( => current thread )
  0x0000000016a98000 JavaThread "Service Thread" daemon [_thread_blocked, id=12256, stack(0x0000000016e90000,0x0000000016f90000)]
  0x000000001518b800 JavaThread "C1 CompilerThread2" daemon [_thread_blocked, id=10284, stack(0x0000000016990000,0x0000000016a90000)]
  0x0000000015133000 JavaThread "C2 CompilerThread1" daemon [_thread_in_native, id=10308, stack(0x0000000016890000,0x0000000016990000)]
=>0x000000001512c800 JavaThread "C2 CompilerThread0" daemon [_thread_in_native, id=8716, stack(0x0000000016790000,0x0000000016890000)]
  0x000000001512b000 JavaThread "Attach Listener" daemon [_thread_blocked, id=11644, stack(0x0000000016690000,0x0000000016790000)]
  0x000000001512a000 JavaThread "Signal Dispatcher" daemon [_thread_blocked, id=14312, stack(0x0000000016590000,0x0000000016690000)]
  0x0000000002a52000 JavaThread "Finalizer" daemon [_thread_blocked, id=11180, stack(0x00000000163a0000,0x00000000164a0000)]
  0x0000000002a4f800 JavaThread "Reference Handler" daemon [_thread_blocked, id=4992, stack(0x00000000162a0000,0x00000000163a0000)]
  0x0000000002962800 JavaThread "main" [_thread_in_Java, id=13204, stack(0x0000000002780000,0x0000000002880000)]

Other Threads:
  0x00000000150f7000 VMThread [stack: 0x00000000161a0000,0x00000000162a0000] [id=14044]
  0x0000000016aad800 WatcherThread [stack: 0x0000000016f90000,0x0000000017090000] [id=13732]

VM state:not at safepoint (normal execution)

VM Mutex/Monitor currently owned by a thread: None

Heap:
 PSYoungGen      total 38400K, used 19478K [0x00000000eab00000, 0x00000000ed580000, 0x0000000100000000)
  eden space 33280K, 43% used [0x00000000eab00000,0x00000000eb90c450,0x00000000ecb80000)
  from space 5120K, 99% used [0x00000000ecb80000,0x00000000ed079640,0x00000000ed080000)
  to   space 5120K, 0% used [0x00000000ed080000,0x00000000ed080000,0x00000000ed580000)
 ParOldGen       total 87552K, used 1377K [0x00000000c0000000, 0x00000000c5580000, 0x00000000eab00000)
  object space 87552K, 1% used [0x00000000c0000000,0x00000000c01587e8,0x00000000c5580000)
 Metaspace       used 6261K, capacity 7096K, committed 7296K, reserved 1056768K
  class space    used 613K, capacity 624K, committed 640K, reserved 1048576K

Card table byte_map: [0x0000000011e20000,0x0000000012030000] byte_map_base: 0x0000000011820000

Marking Bits: (ParMarkBitMap*) 0x000000005e81a5b0
 Begin Bits: [0x0000000012590000, 0x0000000013590000)
 End Bits:   [0x0000000013590000, 0x0000000014590000)

Polling page: 0x0000000000ed0000

CodeCache: size=245760Kb used=5804Kb max_used=5804Kb free=239955Kb
 bounds [0x0000000002a60000, 0x0000000003020000, 0x0000000011a60000]
 total_blobs=1754 nmethods=1485 adapters=182
 compilation: enabled

Compilation events (10 events):
Event: 2.009 Thread 0x000000001518b800 1502       2       com.android.dx.dex.file.DexFile::findItemOrNull (66 bytes)
Event: 2.009 Thread 0x000000001518b800 nmethod 1502 0x000000000300d350 code [0x000000000300d4e0, 0x000000000300d7f8]
Event: 2.009 Thread 0x000000001518b800 1500       2       com.android.dx.dex.code.InsnFormat::unsignedFitsInNibble (14 bytes)
Event: 2.009 Thread 0x000000001518b800 nmethod 1500 0x0000000003009050 code [0x00000000030091a0, 0x00000000030092f0]
Event: 2.009 Thread 0x000000001518b800 1503       2       com.android.dx.dex.code.InsnFormat::unsignedFitsInShort (14 bytes)
Event: 2.009 Thread 0x000000001518b800 nmethod 1503 0x000000000300d010 code [0x000000000300d160, 0x000000000300d2b0]
Event: 2.009 Thread 0x000000001518b800 1505       2       com.android.dx.dex.code.CstInsn::getIndex (42 bytes)
Event: 2.010 Thread 0x000000001518b800 nmethod 1505 0x000000000300c790 code [0x000000000300c940, 0x000000000300cd88]
Event: 2.010 Thread 0x000000001518b800 1504       2       com.android.dx.dex.code.StdCatchBuilder::handlersFor (216 bytes)
Event: 2.011 Thread 0x000000001518b800 nmethod 1504 0x000000000300ec90 code [0x000000000300ef40, 0x000000000300fa78]

GC Heap History (2 events):
Event: 1.704 GC heap before
{Heap before GC invocations=1 (full 0):
 PSYoungGen      total 38400K, used 33280K [0x00000000eab00000, 0x00000000ed580000, 0x0000000100000000)
  eden space 33280K, 100% used [0x00000000eab00000,0x00000000ecb80000,0x00000000ecb80000)
  from space 5120K, 0% used [0x00000000ed080000,0x00000000ed080000,0x00000000ed580000)
  to   space 5120K, 0% used [0x00000000ecb80000,0x00000000ecb80000,0x00000000ed080000)
 ParOldGen       total 87552K, used 0K [0x00000000c0000000, 0x00000000c5580000, 0x00000000eab00000)
  object space 87552K, 0% used [0x00000000c0000000,0x00000000c0000000,0x00000000c5580000)
 Metaspace       used 6020K, capacity 6960K, committed 7040K, reserved 1056768K
  class space    used 597K, capacity 616K, committed 640K, reserved 1048576K
Event: 1.889 GC heap after
Heap after GC invocations=1 (full 0):
 PSYoungGen      total 38400K, used 5093K [0x00000000eab00000, 0x00000000ed580000, 0x0000000100000000)
  eden space 33280K, 0% used [0x00000000eab00000,0x00000000eab00000,0x00000000ecb80000)
  from space 5120K, 99% used [0x00000000ecb80000,0x00000000ed079640,0x00000000ed080000)
  to   space 5120K, 0% used [0x00000000ed080000,0x00000000ed080000,0x00000000ed580000)
 ParOldGen       total 87552K, used 1377K [0x00000000c0000000, 0x00000000c5580000, 0x00000000eab00000)
  object space 87552K, 1% used [0x00000000c0000000,0x00000000c01587e8,0x00000000c5580000)
 Metaspace       used 6020K, capacity 6960K, committed 7040K, reserved 1056768K
  class space    used 597K, capacity 616K, committed 640K, reserved 1048576K
}

Deoptimization events (10 events):
Event: 1.974 Thread 0x0000000002962800 Uncommon trap: reason=class_check action=maybe_recompile pc=0x0000000002f0bf88 method=java.util.Arrays.hashCode([Ljava/lang/Object;)I @ 43
Event: 1.974 Thread 0x0000000002962800 Uncommon trap: reason=class_check action=maybe_recompile pc=0x0000000002f0bf88 method=java.util.Arrays.hashCode([Ljava/lang/Object;)I @ 43
Event: 1.974 Thread 0x0000000002962800 Uncommon trap: reason=class_check action=maybe_recompile pc=0x0000000002f09ee8 method=java.util.Arrays.hashCode([Ljava/lang/Object;)I @ 43
Event: 1.976 Thread 0x0000000002962800 Uncommon trap: reason=bimorphic action=maybe_recompile pc=0x0000000002cba924 method=java.util.HashMap.getNode(ILjava/lang/Object;)Ljava/util/HashMap$Node; @ 126
Event: 1.976 Thread 0x0000000002962800 Uncommon trap: reason=bimorphic action=maybe_recompile pc=0x0000000002cba924 method=java.util.HashMap.getNode(ILjava/lang/Object;)Ljava/util/HashMap$Node; @ 126
Event: 1.976 Thread 0x0000000002962800 Uncommon trap: reason=bimorphic action=maybe_recompile pc=0x0000000002cba924 method=java.util.HashMap.getNode(ILjava/lang/Object;)Ljava/util/HashMap$Node; @ 126
Event: 1.976 Thread 0x0000000002962800 Uncommon trap: reason=class_check action=maybe_recompile pc=0x0000000002f43b5c method=java.util.HashMap.putVal(ILjava/lang/Object;Ljava/lang/Object;ZZ)Ljava/lang/Object; @ 203
Event: 1.976 Thread 0x0000000002962800 Uncommon trap: reason=class_check action=maybe_recompile pc=0x0000000002f43b5c method=java.util.HashMap.putVal(ILjava/lang/Object;Ljava/lang/Object;ZZ)Ljava/lang/Object; @ 203
Event: 1.977 Thread 0x0000000002962800 Uncommon trap: reason=unstable_if action=reinterpret pc=0x0000000002f43b30 method=java.util.HashMap.putVal(ILjava/lang/Object;Ljava/lang/Object;ZZ)Ljava/lang/Object; @ 94
Event: 1.978 Thread 0x0000000002962800 Uncommon trap: reason=unstable_if action=reinterpret pc=0x0000000002f26208 method=java.util.HashMap.putVal(ILjava/lang/Object;Ljava/lang/Object;ZZ)Ljava/lang/Object; @ 94

Internal exceptions (2 events):
Event: 0.074 Thread 0x0000000002962800 Exception <a 'java/lang/NoSuchMethodError': Method sun.misc.Unsafe.defineClass(Ljava/lang/String;[BII)Ljava/lang/Class; name or signature does not match> (0x00000000eab0e2c8) thrown at [C:\workspace\8-2-build-windows-amd64-cygwin\jdk8u65\4987\hotspot\src\s“Ù­9Q³?
Event: 0.074 Thread 0x0000000002962800 Exception <a 'java/lang/NoSuchMethodError': Method sun.misc.Unsafe.prefetchRead(Ljava/lang/Object;J)V name or signature does not match> (0x00000000eab0e5b0) thrown at [C:\workspace\8-2-build-windows-amd64-cygwin\jdk8u65\4987\hotspot\src\share\vm\prims\jni.

Events (10 events):
Event: 2.000 loading class com/android/dx/dex/code/LocalList$MakeState
Event: 2.000 loading class com/android/dx/dex/code/LocalList$MakeState done
Event: 2.001 loading class com/android/dx/dex/code/CatchHandlerList
Event: 2.001 loading class com/android/dx/dex/code/CatchHandlerList done
Event: 2.001 loading class com/android/dx/dex/code/CatchTable
Event: 2.001 loading class com/android/dx/dex/code/CatchTable done
Event: 2.004 loading class com/android/dx/dex/code/LocalList$Disposition
Event: 2.004 loading class com/android/dx/dex/code/LocalList$Disposition done
Event: 2.005 loading class com/android/dx/dex/code/LocalList$Entry
Event: 2.005 loading class com/android/dx/dex/code/LocalList$Entry done


Dynamic libraries:
0x00007ff783930000 - 0x00007ff783967000 	C:\Program Files\Java\jdk1.8.0_65\bin\java.exe
0x00007ff9a27d0000 - 0x00007ff9a29a1000 	C:\WINDOWS\SYSTEM32\ntdll.dll
0x00007ff9a01e0000 - 0x00007ff9a028b000 	C:\WINDOWS\System32\KERNEL32.DLL
0x00007ff99ed20000 - 0x00007ff99ef3d000 	C:\WINDOWS\System32\KERNELBASE.dll
0x00007ff9a0130000 - 0x00007ff9a01d2000 	C:\WINDOWS\System32\ADVAPI32.dll
0x00007ff9a2560000 - 0x00007ff9a25fe000 	C:\WINDOWS\System32\msvcrt.dll
0x00007ff9a00d0000 - 0x00007ff9a0129000 	C:\WINDOWS\System32\sechost.dll
0x00007ff9a2420000 - 0x00007ff9a2541000 	C:\WINDOWS\System32\RPCRT4.dll
0x00007ff99fec0000 - 0x00007ff9a0025000 	C:\WINDOWS\System32\USER32.dll
0x00007ff99f190000 - 0x00007ff99f1ae000 	C:\WINDOWS\System32\win32u.dll
0x00007ff9a0090000 - 0x00007ff9a00c4000 	C:\WINDOWS\System32\GDI32.dll
0x00007ff99f990000 - 0x00007ff99fb12000 	C:\WINDOWS\System32\gdi32full.dll
0x00007ff998f40000 - 0x00007ff9991ba000 	C:\WINDOWS\WinSxS\amd64_microsoft.windows.common-controls_6595b64144ccf1df_6.0.14393.351_none_4213128bc687e6d3\COMCTL32.dll
0x00007ff9a0290000 - 0x00007ff9a0557000 	C:\WINDOWS\System32\combase.dll
0x00007ff99ef40000 - 0x00007ff99f035000 	C:\WINDOWS\System32\ucrtbase.dll
0x00007ff99fcf0000 - 0x00007ff99fd5a000 	C:\WINDOWS\System32\bcryptPrimitives.dll
0x00007ff9a27a0000 - 0x00007ff9a27ce000 	C:\WINDOWS\System32\IMM32.DLL
0x000000005db50000 - 0x000000005dc22000 	C:\Program Files\Java\jdk1.8.0_65\jre\bin\msvcr100.dll
0x000000005e010000 - 0x000000005e899000 	C:\Program Files\Java\jdk1.8.0_65\jre\bin\server\jvm.dll
0x00007ff9a0740000 - 0x00007ff9a0748000 	C:\WINDOWS\System32\PSAPI.DLL
0x00007ff99b850000 - 0x00007ff99b859000 	C:\WINDOWS\SYSTEM32\WSOCK32.dll
0x00007ff9a2210000 - 0x00007ff9a227a000 	C:\WINDOWS\System32\WS2_32.dll
0x00007ff99d070000 - 0x00007ff99d093000 	C:\WINDOWS\SYSTEM32\WINMM.dll
0x00007ff999750000 - 0x00007ff99975a000 	C:\WINDOWS\SYSTEM32\VERSION.dll
0x00007ff99cff0000 - 0x00007ff99d01b000 	C:\WINDOWS\SYSTEM32\WINMMBASE.dll
0x00007ff99f1b0000 - 0x00007ff99f1f2000 	C:\WINDOWS\System32\cfgmgr32.dll
0x000000005e000000 - 0x000000005e00f000 	C:\Program Files\Java\jdk1.8.0_65\jre\bin\verify.dll
0x000000005dfd0000 - 0x000000005dff9000 	C:\Program Files\Java\jdk1.8.0_65\jre\bin\java.dll
0x000000005dfb0000 - 0x000000005dfc6000 	C:\Program Files\Java\jdk1.8.0_65\jre\bin\zip.dll
0x00007ff9a0750000 - 0x00007ff9a1c59000 	C:\WINDOWS\System32\SHELL32.dll
0x00007ff99f2b0000 - 0x00007ff99f98a000 	C:\WINDOWS\System32\windows.storage.dll
0x00007ff99ec60000 - 0x00007ff99ecac000 	C:\WINDOWS\System32\powrprof.dll
0x00007ff9a2280000 - 0x00007ff9a22d2000 	C:\WINDOWS\System32\shlwapi.dll
0x00007ff99ecb0000 - 0x00007ff99ecbf000 	C:\WINDOWS\System32\kernel.appcore.dll
0x00007ff99f200000 - 0x00007ff99f2a9000 	C:\WINDOWS\System32\shcore.dll
0x00007ff99ec30000 - 0x00007ff99ec44000 	C:\WINDOWS\System32\profapi.dll

VM Arguments:
jvm_args: -Djava.awt.headless=true -Xmx1024M -Dfile.encoding=windows-1252 -Duser.country=US -Duser.language=en -Duser.variant 
java_command: com.android.dx.command.Main --dex --num-threads=4 --output C:\Users\Cameron\Documents\Robotics\RoombaObjectTracking\app\build\intermediates\pre-dexed\debug\com.google.android.gms-play-services-appindexing-8.1.0_ac20221c48c581b9d7af1f4b69a78e9cd6111711.jar C:\Users\Cameron\Documents\Robotics\RoombaObjectTracking\app\build\intermediates\exploded-aar\com.google.android.gms\play-services-appindexing\8.1.0\jars\classes.jar
java_class_path (initial): C:\Users\Cameron\AppData\Local\Android\sdk\build-tools\24.0.2\lib\dx.jar
Launcher Type: SUN_STANDARD

Environment Variables:
USERNAME=Cameron
OS=Windows_NT
PROCESSOR_IDENTIFIER=Intel64 Family 6 Model 94 Stepping 3, GenuineIntel



---------------  S Y S T E M  ---------------

OS: Windows 10.0 , 64 bit Build 14393 (10.0.14393.0)

CPU:total 4 (4 cores per cpu, 1 threads per core) family 6 model 94 stepping 3, cmov, cx8, fxsr, mmx, sse, sse2, sse3, ssse3, sse4.1, sse4.2, popcnt, avx, avx2, aes, clmul, erms, rtm, 3dnowpref, lzcnt, tsc, tscinvbit, bmi1, bmi2, adx

Memory: 4k page, physical 8258828k(1420848k free), swap 8258828k(7620k free)

vm_info: Java HotSpot(TM) 64-Bit Server VM (25.65-b01) for windows-amd64 JRE (1.8.0_65-b17), built on Oct  6 2015 16:39:20 by "java_re" with MS VC++ 10.0 (VS2010)

time: Wed Nov 02 14:06:44 2016
elapsed time: 2 seconds (0d 0h 0m 2s)

